C:\Users\David Welsh\Desktop\DavidGP1UNI\DavidGP1UNI\Debug\cl.command.1.tlog
C:\Users\David Welsh\Desktop\DavidGP1UNI\DavidGP1UNI\Debug\CL.read.1.tlog
C:\Users\David Welsh\Desktop\DavidGP1UNI\DavidGP1UNI\Debug\CL.write.1.tlog
C:\USERS\DAVID WELSH\DESKTOP\DAVIDGP1UNI\DAVIDGP1UNI\DEBUG\CSTAR.OBJ
C:\USERS\DAVID WELSH\DESKTOP\DAVIDGP1UNI\DAVIDGP1UNI\DEBUG\DAVIDGP1UNI.EXE.INTERMEDIATE.MANIFEST
C:\Users\David Welsh\Desktop\DavidGP1UNI\DavidGP1UNI\Debug\DavidGP1UNI.write.1.tlog
C:\USERS\DAVID WELSH\DESKTOP\DAVIDGP1UNI\DAVIDGP1UNI\DEBUG\ERRORLOGGER.OBJ
C:\USERS\DAVID WELSH\DESKTOP\DAVIDGP1UNI\DAVIDGP1UNI\DEBUG\GAMECODE.OBJ
C:\USERS\DAVID WELSH\DESKTOP\DAVIDGP1UNI\DAVIDGP1UNI\DEBUG\GAMETIMER.OBJ
C:\Users\David Welsh\Desktop\DavidGP1UNI\DavidGP1UNI\Debug\link.command.1.tlog
C:\Users\David Welsh\Desktop\DavidGP1UNI\DavidGP1UNI\Debug\link.read.1.tlog
C:\Users\David Welsh\Desktop\DavidGP1UNI\DavidGP1UNI\Debug\link.write.1.tlog
C:\Users\David Welsh\Desktop\DavidGP1UNI\DavidGP1UNI\Debug\mt.command.1.tlog
C:\Users\David Welsh\Desktop\DavidGP1UNI\DavidGP1UNI\Debug\mt.read.1.tlog
C:\Users\David Welsh\Desktop\DavidGP1UNI\DavidGP1UNI\Debug\mt.write.1.tlog
C:\USERS\DAVID WELSH\DESKTOP\DAVIDGP1UNI\DAVIDGP1UNI\DEBUG\MYDRAWENGINE.OBJ
C:\USERS\DAVID WELSH\DESKTOP\DAVIDGP1UNI\DAVIDGP1UNI\DEBUG\MYINPUTS.OBJ
C:\USERS\DAVID WELSH\DESKTOP\DAVIDGP1UNI\DAVIDGP1UNI\DEBUG\MYPICTURE.OBJ
C:\USERS\DAVID WELSH\DESKTOP\DAVIDGP1UNI\DAVIDGP1UNI\DEBUG\MYSOUND.OBJ
C:\USERS\DAVID WELSH\DESKTOP\DAVIDGP1UNI\DAVIDGP1UNI\DEBUG\MYSOUNDENGINE.OBJ
C:\USERS\DAVID WELSH\DESKTOP\DAVIDGP1UNI\DAVIDGP1UNI\DEBUG\PLAYERSHIP.OBJ
C:\USERS\DAVID WELSH\DESKTOP\DAVIDGP1UNI\DAVIDGP1UNI\DEBUG\STARS.OBJ
C:\Users\David Welsh\Desktop\DavidGP1UNI\DavidGP1UNI\Debug\vc100.idb
C:\USERS\DAVID WELSH\DESKTOP\DAVIDGP1UNI\DAVIDGP1UNI\DEBUG\VC100.PDB
C:\USERS\DAVID WELSH\DESKTOP\DAVIDGP1UNI\DAVIDGP1UNI\DEBUG\VECTOR2D.OBJ
C:\USERS\DAVID WELSH\DESKTOP\DAVIDGP1UNI\DAVIDGP1UNI\DEBUG\WINCODE.OBJ
C:\USERS\DAVID WELSH\DESKTOP\DAVIDGP1UNI\DEBUG\DAVIDGP1UNI.EXE
C:\USERS\DAVID WELSH\DESKTOP\DAVIDGP1UNI\DEBUG\DAVIDGP1UNI.PDB
